2025-03-13T15:31:56.136+05:30  INFO 13052 --- [AddressBookApp] [restartedMain] c.e.A.AddressBookAppApplication          : Starting AddressBookAppApplication using Java 19 with PID 13052 (C:\Users\abhis\BL_2115000026\Spring Projects\AddressBookApp\target\classes started by root in C:\Users\abhis\BL_2115000026\Spring Projects\AddressBookApp)
2025-03-13T15:31:56.148+05:30 DEBUG 13052 --- [AddressBookApp] [restartedMain] c.e.A.AddressBookAppApplication          : Running with Spring Boot v3.4.3, Spring v6.2.3
2025-03-13T15:31:56.150+05:30  INFO 13052 --- [AddressBookApp] [restartedMain] c.e.A.AddressBookAppApplication          : No active profile set, falling back to 1 default profile: "default"
2025-03-13T15:32:04.715+05:30  WARN 13052 --- [AddressBookApp] [restartedMain] JpaBaseConfiguration$JpaWebConfiguration : spring.jpa.open-in-view is enabled by default. Therefore, database queries may be performed during view rendering. Explicitly configure spring.jpa.open-in-view to disable this warning
2025-03-13T15:32:05.555+05:30  INFO 13052 --- [AddressBookApp] [restartedMain] c.e.A.AddressBookAppApplication          : Started AddressBookAppApplication in 10.282 seconds (process running for 11.237)
2025-03-13T15:32:05.564+05:30  INFO 13052 --- [AddressBookApp] [restartedMain] c.e.A.AddressBookAppApplication          : Address Book App Started
2025-03-13T15:38:51.853+05:30  INFO 4580 --- [AddressBookApp] [restartedMain] c.e.A.AddressBookAppApplication          : Starting AddressBookAppApplication using Java 19 with PID 4580 (C:\Users\abhis\BL_2115000026\Spring Projects\AddressBookApp\target\classes started by root in C:\Users\abhis\BL_2115000026\Spring Projects\AddressBookApp)
2025-03-13T15:38:51.858+05:30 DEBUG 4580 --- [AddressBookApp] [restartedMain] c.e.A.AddressBookAppApplication          : Running with Spring Boot v3.4.3, Spring v6.2.3
2025-03-13T15:38:51.859+05:30  INFO 4580 --- [AddressBookApp] [restartedMain] c.e.A.AddressBookAppApplication          : No active profile set, falling back to 1 default profile: "default"
2025-03-13T15:38:59.554+05:30  WARN 4580 --- [AddressBookApp] [restartedMain] JpaBaseConfiguration$JpaWebConfiguration : spring.jpa.open-in-view is enabled by default. Therefore, database queries may be performed during view rendering. Explicitly configure spring.jpa.open-in-view to disable this warning
2025-03-13T15:39:00.450+05:30  INFO 4580 --- [AddressBookApp] [restartedMain] c.e.A.AddressBookAppApplication          : Started AddressBookAppApplication in 9.465 seconds (process running for 10.292)
2025-03-13T15:39:00.457+05:30  INFO 4580 --- [AddressBookApp] [restartedMain] c.e.A.AddressBookAppApplication          : Address Book App Started
2025-03-13T15:41:43.106+05:30  WARN 4580 --- [AddressBookApp] [http-nio-8080-exec-8] .w.s.m.s.DefaultHandlerExceptionResolver : Resolved [org.springframework.http.converter.HttpMessageNotReadableException: Required request body is missing: public org.springframework.http.ResponseEntity<com.example.AddressBookApp.exception.ResponseDTO> com.example.AddressBookApp.controller.AuthUserController.register(com.example.AddressBookApp.dto.AuthUserDTO) throws java.lang.Exception]
2025-03-13T15:43:02.189+05:30  WARN 4580 --- [AddressBookApp] [http-nio-8080-exec-10] .w.s.m.s.DefaultHandlerExceptionResolver : Resolved [org.springframework.web.bind.MethodArgumentNotValidException: Validation failed for argument [0] in public org.springframework.http.ResponseEntity<com.example.AddressBookApp.exception.ResponseDTO> com.example.AddressBookApp.controller.AuthUserController.register(com.example.AddressBookApp.dto.AuthUserDTO) throws java.lang.Exception: [Field error in object 'authUserDTO' on field 'password': rejected value [1234]; codes [Pattern.authUserDTO.password,Pattern.password,Pattern.java.lang.String,Pattern]; arguments [org.springframework.context.support.DefaultMessageSourceResolvable: codes [authUserDTO.password,password]; arguments []; default message [password],[Ljakarta.validation.constraints.Pattern$Flag;@4b94079f,^(?=.*[A-Z])(?=.*[a-z])(?=.*\d)(?=.*[@$!%*?&])[A-Za-z\d@$!%*?&]{8,}$]; default message [Password must be at least 8 characters long, contain an uppercase letter, a lowercase letter, a number, and a special character]] ]
2025-03-13T15:50:00.946+05:30  INFO 7772 --- [AddressBookApp] [restartedMain] c.e.A.AddressBookAppApplication          : Starting AddressBookAppApplication using Java 19 with PID 7772 (C:\Users\abhis\BL_2115000026\Spring Projects\AddressBookApp\target\classes started by root in C:\Users\abhis\BL_2115000026\Spring Projects\AddressBookApp)
2025-03-13T15:50:00.953+05:30 DEBUG 7772 --- [AddressBookApp] [restartedMain] c.e.A.AddressBookAppApplication          : Running with Spring Boot v3.4.3, Spring v6.2.3
2025-03-13T15:50:00.955+05:30  INFO 7772 --- [AddressBookApp] [restartedMain] c.e.A.AddressBookAppApplication          : No active profile set, falling back to 1 default profile: "default"
2025-03-13T15:50:08.246+05:30  WARN 7772 --- [AddressBookApp] [restartedMain] JpaBaseConfiguration$JpaWebConfiguration : spring.jpa.open-in-view is enabled by default. Therefore, database queries may be performed during view rendering. Explicitly configure spring.jpa.open-in-view to disable this warning
2025-03-13T15:50:09.083+05:30  INFO 7772 --- [AddressBookApp] [restartedMain] c.e.A.AddressBookAppApplication          : Started AddressBookAppApplication in 8.993 seconds (process running for 9.811)
2025-03-13T15:50:09.090+05:30  INFO 7772 --- [AddressBookApp] [restartedMain] c.e.A.AddressBookAppApplication          : Address Book App Started
2025-03-13T15:58:59.023+05:30  INFO 22780 --- [AddressBookApp] [restartedMain] c.e.A.AddressBookAppApplication          : Starting AddressBookAppApplication using Java 19 with PID 22780 (C:\Users\abhis\BL_2115000026\Spring Projects\AddressBookApp\target\classes started by root in C:\Users\abhis\BL_2115000026\Spring Projects\AddressBookApp)
2025-03-13T15:58:59.028+05:30 DEBUG 22780 --- [AddressBookApp] [restartedMain] c.e.A.AddressBookAppApplication          : Running with Spring Boot v3.4.3, Spring v6.2.3
2025-03-13T15:58:59.030+05:30  INFO 22780 --- [AddressBookApp] [restartedMain] c.e.A.AddressBookAppApplication          : No active profile set, falling back to 1 default profile: "default"
2025-03-13T15:59:06.662+05:30  WARN 22780 --- [AddressBookApp] [restartedMain] JpaBaseConfiguration$JpaWebConfiguration : spring.jpa.open-in-view is enabled by default. Therefore, database queries may be performed during view rendering. Explicitly configure spring.jpa.open-in-view to disable this warning
2025-03-13T15:59:08.499+05:30  INFO 22780 --- [AddressBookApp] [restartedMain] c.e.A.AddressBookAppApplication          : Started AddressBookAppApplication in 10.353 seconds (process running for 11.186)
2025-03-13T15:59:08.514+05:30  INFO 22780 --- [AddressBookApp] [restartedMain] c.e.A.AddressBookAppApplication          : Address Book App Started
